<?xml version="1.0" encoding="UTF-8"?>
<!-- Generated by org.testng.reporters.JUnitReportReporter -->
<testsuite hostname="Misty-1" failures="0" tests="1" name="runner.MyRunner" time="0.064" errors="0" timestamp="2024-05-20T21:48:04 EDT" skipped="0">
  <testcase classname="runner.MyRunner" name="runScenario" time="0.064"/>
  <system-out/>
</testsuite> <!-- runner.MyRunner -->
